Importer Log Report
Project : T-Display SF32 V0.6(1).PrjPcb

Section : Document - E:\PRJ\SIFLI\T-Display-SF32\hardware\T-Display SF32 V0.6(1).asc

    Section : Import Messages
        Warning : WARNING: Cut-out region created from PADS keep-out on layer: Top Layer
        Warning : WARNING: Cut-out region created from PADS keep-out on layer: Top Solder Mask
        Warning : WARNING: Cut-out region created from PADS keep-out on layer: Top Layer
        Warning : WARNING: Cut-out region created from PADS keep-out on layer: Top Solder Mask
        Error   : No comment found for component: ANT1
        Error   : No comment found for component: C1
        Error   : No comment found for component: C10
        Error   : No comment found for component: C102
        Error   : No comment found for component: C103
        Error   : No comment found for component: C105
        Error   : No comment found for component: C106
        Error   : No comment found for component: C107
        Error   : No comment found for component: C108
        Error   : No comment found for component: C109
        Error   : No comment found for component: C11
        Error   : No comment found for component: C110
        Error   : No comment found for component: C114
        Error   : No comment found for component: C115
        Error   : No comment found for component: C116
        Error   : No comment found for component: C117
        Error   : No comment found for component: C118
        Error   : No comment found for component: C120
        Error   : No comment found for component: C121
        Error   : No comment found for component: C140
        Error   : No comment found for component: C141
        Error   : No comment found for component: C142
        Error   : No comment found for component: C143
        Error   : No comment found for component: C144
        Error   : No comment found for component: C145
        Error   : No comment found for component: C149
        Error   : No comment found for component: C150
        Error   : No comment found for component: C151
        Error   : No comment found for component: C152
        Error   : No comment found for component: C153
        Error   : No comment found for component: C154
        Error   : No comment found for component: C157
        Error   : No comment found for component: C158
        Error   : No comment found for component: C159
        Error   : No comment found for component: C160
        Error   : No comment found for component: C2
        Error   : No comment found for component: C24
        Error   : No comment found for component: C25
        Error   : No comment found for component: C26
        Error   : No comment found for component: C30
        Error   : No comment found for component: C36
        Error   : No comment found for component: C38
        Error   : No comment found for component: C4
        Error   : No comment found for component: C40
        Error   : No comment found for component: C41
        Error   : No comment found for component: C44
        Error   : No comment found for component: C45
        Error   : No comment found for component: C46
        Error   : No comment found for component: C47
        Error   : No comment found for component: C48
        Error   : No comment found for component: C49
        Error   : No comment found for component: C5
        Error   : No comment found for component: C50
        Error   : No comment found for component: C51
        Error   : No comment found for component: C52
        Error   : No comment found for component: C54
        Error   : No comment found for component: C55
        Error   : No comment found for component: C56
        Error   : No comment found for component: C57
        Error   : No comment found for component: C58
        Error   : No comment found for component: C6
        Error   : No comment found for component: C60
        Error   : No comment found for component: C61
        Error   : No comment found for component: C62
        Error   : No comment found for component: C69
        Error   : No comment found for component: C7
        Error   : No comment found for component: C8
        Error   : No comment found for component: C87
        Error   : No comment found for component: C9
        Error   : No comment found for component: CON1
        Error   : No comment found for component: ED1
        Error   : No comment found for component: ED2
        Error   : No comment found for component: ED3
        Error   : No comment found for component: ED4
        Error   : No comment found for component: ED5
        Error   : No comment found for component: ED6
        Error   : No comment found for component: ED7
        Error   : No comment found for component: J1
        Error   : No comment found for component: J3
        Error   : No comment found for component: J4
        Error   : No comment found for component: J6
        Error   : No comment found for component: J7
        Error   : No comment found for component: L6
        Error   : No comment found for component: P11
        Error   : No comment found for component: P2
        Error   : No comment found for component: P3
        Error   : No comment found for component: P4
        Error   : No comment found for component: P5
        Error   : No comment found for component: R1
        Error   : No comment found for component: R11
        Error   : No comment found for component: R14
        Error   : No comment found for component: R2
        Error   : No comment found for component: R3
        Error   : No comment found for component: R32
        Error   : No comment found for component: R33
        Error   : No comment found for component: R34
        Error   : No comment found for component: R35
        Error   : No comment found for component: R4
        Error   : No comment found for component: R5
        Error   : No comment found for component: R59
        Error   : No comment found for component: R6
        Error   : No comment found for component: R60
        Error   : No comment found for component: R63
        Error   : No comment found for component: R64
        Error   : No comment found for component: R65
        Error   : No comment found for component: R67
        Error   : No comment found for component: R7
        Error   : No comment found for component: R8
        Error   : No comment found for component: R87
        Error   : No comment found for component: R88
        Error   : No comment found for component: R9
        Error   : No designator found for component: TP1
        Error   : No designator found for component: TP2
        Error   : No designator found for component: TP3
        Error   : No comment found for component: U1
        Error   : No comment found for component: U13
        Error   : No comment found for component: U15
        Error   : No comment found for component: U17
        Error   : No comment found for component: U18
        Error   : No comment found for component: U19
        Error   : No comment found for component: U23
        Error   : No comment found for component: U24
        Error   : No comment found for component: U25
        Error   : No comment found for component: U9
        Error   : No comment found for component: Y5
        Error   : No comment found for component: Y6
    EndSection
EndSection
